Build started 11/11/2015 9:09:44 PM.
     1>Project "C:\Users\gusta\OneDrive\documentos\visual studio 2013\Projects\PushdownAutomaton\PushdownAutomaton\PushdownAutomaton.vcxproj" on node 2 (Build target(s)).
     1>ClCompile:
         C:\Program Files (x86)\Microsoft Visual Studio 12.0\VC\bin\CL.exe /c /ZI /nologo /W3 /WX- /sdl /Od /Oy- /D WIN32 /D _DEBUG /D _CONSOLE /D _LIB /D _UNICODE /D UNICODE /Gm /EHsc /RTC1 /MDd /GS /fp:precise /Zc:wchar_t /Zc:forScope /Yu"stdafx.h" /Fp"Debug\PushdownAutomaton.pch" /Fo"Debug\\" /Fd"Debug\vc120.pdb" /Gd /TP /analyze- /errorReport:prompt Automaton.cpp Computation.cpp Main.cpp
         Computation.cpp
         Generating Code...
         Compiling...
         Automaton.cpp
     1>c:\users\gusta\onedrive\documentos\visual studio 2013\projects\pushdownautomaton\pushdownautomaton\automaton.cpp(48): warning C4018: '<' : signed/unsigned mismatch
     1>c:\users\gusta\onedrive\documentos\visual studio 2013\projects\pushdownautomaton\pushdownautomaton\automaton.cpp(55): warning C4018: '<' : signed/unsigned mismatch
         Generating Code...
         Skipping... (no relevant changes detected)
         Main.cpp
       Link:
         C:\Program Files (x86)\Microsoft Visual Studio 12.0\VC\bin\link.exe /ERRORREPORT:PROMPT /OUT:"C:\Users\gusta\onedrive\documentos\visual studio 2013\Projects\PushdownAutomaton\Debug\PushdownAutomaton.exe" /INCREMENTAL /NOLOGO kernel32.lib user32.lib gdi32.lib winspool.lib comdlg32.lib advapi32.lib shell32.lib ole32.lib oleaut32.lib uuid.lib odbc32.lib odbccp32.lib /MANIFEST /MANIFESTUAC:"level='asInvoker' uiAccess='false'" /manifest:embed /DEBUG /PDB:"C:\Users\gusta\onedrive\documentos\visual studio 2013\Projects\PushdownAutomaton\Debug\PushdownAutomaton.pdb" /SUBSYSTEM:CONSOLE /TLBID:1 /DYNAMICBASE /NXCOMPAT /IMPLIB:"C:\Users\gusta\onedrive\documentos\visual studio 2013\Projects\PushdownAutomaton\Debug\PushdownAutomaton.lib" /MACHINE:X86 Debug\Automaton.obj
         Debug\Computation.obj
         Debug\Main.obj
         Debug\stdafx.obj
         Debug\Transition.obj
         PushdownAutomaton.vcxproj -> C:\Users\gusta\onedrive\documentos\visual studio 2013\Projects\PushdownAutomaton\Debug\PushdownAutomaton.exe
     1>Done Building Project "C:\Users\gusta\OneDrive\documentos\visual studio 2013\Projects\PushdownAutomaton\PushdownAutomaton\PushdownAutomaton.vcxproj" (Build target(s)).

Build succeeded.

Time Elapsed 00:00:01.74
